29/4/2024 10:18:47 - DEBUG:Export VBA Files To VSCode Start
29/4/2024 10:18:47 - DEBUG:EXPORTING CLASS MODULES:ThisWorkbook.cls Type: 100 - ThisWorkbook
29/4/2024 10:18:47 - DEBUG:EXPORTING CLASS MODULES:Hoja1.cls Type: 100 - Hoja1
29/4/2024 10:18:47 - DEBUG:EXPORTING CLASS MODULES:Hoja2.cls Type: 100 - Hoja2
29/4/2024 10:18:47 - DEBUG:EXPORTING CLASS MODULES:Hoja3.cls Type: 100 - Hoja3
29/4/2024 10:18:47 - DEBUG:Export VBA Files To VSCode Finish
29/4/2024 10:23:13 - DEBUG:Export VBA Files To VSCode Start
29/4/2024 10:23:13 - DEBUG:EXPORTING CLASS MODULES:Hoja1.cls Type: 100 - Hoja1
29/4/2024 10:23:13 - DEBUG:EXPORTING CLASS MODULES:Hoja2.cls Type: 100 - Hoja2
29/4/2024 10:23:13 - DEBUG:EXPORTING CLASS MODULES:Hoja3.cls Type: 100 - Hoja3
29/4/2024 10:23:13 - DEBUG:EXPORTING CLASS MODULES:ThisWorkbook.cls Type: 100 - ThisWorkbook
29/4/2024 10:23:14 - DEBUG:Export VBA Files To VSCode Finish
29/4/2024 10:24:13 - DEBUG:Export VBA Files To VSCode Start
29/4/2024 10:24:13 - DEBUG:EXPORTING CLASS MODULES:Hoja1.cls Type: 100 - Hoja1
29/4/2024 10:24:13 - DEBUG:EXPORTING CLASS MODULES:Hoja2.cls Type: 100 - Hoja2
29/4/2024 10:24:13 - DEBUG:EXPORTING CLASS MODULES:Hoja3.cls Type: 100 - Hoja3
29/4/2024 10:24:13 - DEBUG:EXPORTING CLASS MODULES:ThisWorkbook.cls Type: 100 - ThisWorkbook
29/4/2024 10:24:13 - DEBUG:EXPORTING CLASS MODULES:Clase1.cls Type: 2 - Clase1
29/4/2024 10:24:14 - DEBUG:Export VBA Files To VSCode Finish
29/4/2024 10:24:45 - DEBUG:Export VBA Files To VSCode Start
29/4/2024 10:24:45 - DEBUG:EXPORTING CLASS MODULES:Hoja1.cls Type: 100 - Hoja1
29/4/2024 10:24:45 - DEBUG:EXPORTING CLASS MODULES:Hoja2.cls Type: 100 - Hoja2
29/4/2024 10:24:45 - DEBUG:EXPORTING CLASS MODULES:Hoja3.cls Type: 100 - Hoja3
29/4/2024 10:24:45 - DEBUG:EXPORTING CLASS MODULES:ThisWorkbook.cls Type: 100 - ThisWorkbook
29/4/2024 10:24:45 - DEBUG:EXPORTING CLASS MODULES:Clase1.cls Type: 2 - Clase1
29/4/2024 10:24:45 - DEBUG:Export VBA Files To VSCode Finish
29/4/2024 10:24:59 - DEBUG:Export VBA Files To VSCode Start
29/4/2024 10:24:59 - DEBUG:EXPORTING CLASS MODULES:Hoja1.cls Type: 100 - Hoja1
29/4/2024 10:24:59 - DEBUG:EXPORTING CLASS MODULES:Hoja2.cls Type: 100 - Hoja2
29/4/2024 10:24:59 - DEBUG:EXPORTING CLASS MODULES:Hoja3.cls Type: 100 - Hoja3
29/4/2024 10:24:59 - DEBUG:EXPORTING CLASS MODULES:ThisWorkbook.cls Type: 100 - ThisWorkbook
29/4/2024 10:24:59 - DEBUG:EXPORTING CLASS MODULES:Clase1.cls Type: 2 - Clase1
29/4/2024 10:24:59 - DEBUG:EXPORTING MODULES:Módulo1.bas Type: 1 - Módulo1
29/4/2024 10:24:59 - DEBUG:Export VBA Files To VSCode Finish
7/5/2024 08:20:25 - DEBUG:Export VBA Files To VSCode Start
7/5/2024 08:20:25 - DEBUG:EXPORTING CLASS MODULES:Hoja1.cls Type: 100 - Hoja1
7/5/2024 08:20:25 - DEBUG:EXPORTING CLASS MODULES:ThisWorkbook.cls Type: 100 - ThisWorkbook
7/5/2024 08:20:25 - DEBUG:EXPORTING CLASS MODULES:Hoja5.cls Type: 100 - Hoja5
7/5/2024 08:20:25 - DEBUG:EXPORTING CLASS MODULES:Hoja2.cls Type: 100 - Hoja2
7/5/2024 08:20:25 - DEBUG:EXPORTING CLASS MODULES:Hoja3.cls Type: 100 - Hoja3
7/5/2024 08:20:25 - DEBUG:EXPORTING CLASS MODULES:Hoja4.cls Type: 100 - Hoja4
7/5/2024 08:20:25 - DEBUG:Export VBA Files To VSCode Finish
7/5/2024 08:20:39 - DEBUG:Export VBA Files To VSCode Start
7/5/2024 08:20:39 - DEBUG:EXPORTING CLASS MODULES:Hoja1.cls Type: 100 - Hoja1
7/5/2024 08:20:39 - DEBUG:EXPORTING CLASS MODULES:ThisWorkbook.cls Type: 100 - ThisWorkbook
7/5/2024 08:20:39 - DEBUG:EXPORTING CLASS MODULES:Hoja5.cls Type: 100 - Hoja5
7/5/2024 08:20:39 - DEBUG:EXPORTING CLASS MODULES:Hoja2.cls Type: 100 - Hoja2
7/5/2024 08:20:39 - DEBUG:EXPORTING CLASS MODULES:Hoja3.cls Type: 100 - Hoja3
7/5/2024 08:20:39 - DEBUG:EXPORTING CLASS MODULES:Hoja4.cls Type: 100 - Hoja4
7/5/2024 08:20:39 - DEBUG:Export VBA Files To VSCode Finish
8/5/2024 10:31:33 - DEBUG:Export VBA Files To VSCode Start
8/5/2024 10:31:33 - DEBUG:EXPORTING CLASS MODULES:Hoja1.cls Type: 100 - Hoja1
8/5/2024 10:31:33 - DEBUG:EXPORTING CLASS MODULES:ThisWorkbook.cls Type: 100 - ThisWorkbook
8/5/2024 10:31:33 - DEBUG:EXPORTING CLASS MODULES:Hoja5.cls Type: 100 - Hoja5
8/5/2024 10:31:33 - DEBUG:EXPORTING CLASS MODULES:Hoja2.cls Type: 100 - Hoja2
8/5/2024 10:31:33 - DEBUG:EXPORTING CLASS MODULES:Hoja3.cls Type: 100 - Hoja3
8/5/2024 10:31:33 - DEBUG:EXPORTING CLASS MODULES:Hoja4.cls Type: 100 - Hoja4
8/5/2024 10:31:33 - DEBUG:EXPORTING CLASS MODULES:Hoja6.cls Type: 100 - Hoja6
8/5/2024 10:31:33 - DEBUG:EXPORTING CLASS MODULES:Clase1.cls Type: 2 - Clase1
8/5/2024 10:31:33 - DEBUG:EXPORTING MODULES:Mï¿½dulo1.bas Type: 1 - Mï¿½dulo1
8/5/2024 10:31:33 - DEBUG:EXPORTING CLASS MODULES:Xdebug.cls Type: 2 - Xdebug
8/5/2024 10:31:34 - DEBUG:EXPORTING FORM MODULES:UserForm1.frmType: 3 - UserForm1
8/5/2024 10:31:34 - DEBUG:EXPORTING MODULES:Módulo1.bas Type: 1 - Módulo1
8/5/2024 10:31:34 - DEBUG:Export VBA Files To VSCode Finish
8/5/2024 10:38:48 - DEBUG:Export VBA Files To VSCode Start
8/5/2024 10:38:49 - DEBUG:EXPORTING CLASS MODULES:Hoja1.cls Type: 100 - Hoja1
8/5/2024 10:38:49 - DEBUG:EXPORTING CLASS MODULES:ThisWorkbook.cls Type: 100 - ThisWorkbook
8/5/2024 10:38:49 - DEBUG:EXPORTING CLASS MODULES:Hoja5.cls Type: 100 - Hoja5
8/5/2024 10:38:49 - DEBUG:EXPORTING CLASS MODULES:Hoja2.cls Type: 100 - Hoja2
8/5/2024 10:38:49 - DEBUG:EXPORTING CLASS MODULES:Hoja3.cls Type: 100 - Hoja3
8/5/2024 10:38:49 - DEBUG:EXPORTING CLASS MODULES:Hoja4.cls Type: 100 - Hoja4
8/5/2024 10:38:49 - DEBUG:EXPORTING CLASS MODULES:Hoja6.cls Type: 100 - Hoja6
8/5/2024 10:38:49 - DEBUG:EXPORTING CLASS MODULES:Clase1.cls Type: 2 - Clase1
8/5/2024 10:38:49 - DEBUG:EXPORTING FORM MODULES:UserForm1.frmType: 3 - UserForm1
8/5/2024 10:38:49 - DEBUG:EXPORTING MODULES:Mï¿½dulo1.bas Type: 1 - Mï¿½dulo1
8/5/2024 10:38:50 - DEBUG:EXPORTING MODULES:Módulo1.bas Type: 1 - Módulo1
8/5/2024 10:38:50 - DEBUG:EXPORTING CLASS MODULES:Xdebug.cls Type: 2 - Xdebug
8/5/2024 10:38:50 - DEBUG:Export VBA Files To VSCode Finish
8/5/2024 10:39:02 - DEBUG:Export VBA Files To VSCode Start
8/5/2024 10:39:02 - DEBUG:EXPORTING CLASS MODULES:Hoja1.cls Type: 100 - Hoja1
8/5/2024 10:39:02 - DEBUG:EXPORTING CLASS MODULES:ThisWorkbook.cls Type: 100 - ThisWorkbook
8/5/2024 10:39:02 - DEBUG:EXPORTING CLASS MODULES:Hoja5.cls Type: 100 - Hoja5
8/5/2024 10:39:02 - DEBUG:EXPORTING CLASS MODULES:Hoja2.cls Type: 100 - Hoja2
8/5/2024 10:39:02 - DEBUG:EXPORTING CLASS MODULES:Hoja3.cls Type: 100 - Hoja3
8/5/2024 10:39:03 - DEBUG:EXPORTING CLASS MODULES:Hoja4.cls Type: 100 - Hoja4
8/5/2024 10:39:03 - DEBUG:EXPORTING CLASS MODULES:Hoja6.cls Type: 100 - Hoja6
8/5/2024 10:39:03 - DEBUG:EXPORTING CLASS MODULES:Clase1.cls Type: 2 - Clase1
8/5/2024 10:39:03 - DEBUG:EXPORTING FORM MODULES:UserForm1.frmType: 3 - UserForm1
8/5/2024 10:39:03 - DEBUG:EXPORTING MODULES:Mï¿½dulo1.bas Type: 1 - Mï¿½dulo1
8/5/2024 10:39:04 - DEBUG:EXPORTING MODULES:Módulo1.bas Type: 1 - Módulo1
8/5/2024 10:39:04 - DEBUG:EXPORTING CLASS MODULES:Xdebug.cls Type: 2 - Xdebug
8/5/2024 10:39:04 - DEBUG:Export VBA Files To VSCode Finish
8/5/2024 10:39:34 - DEBUG:Export VBA Files To VSCode Start
8/5/2024 10:39:34 - DEBUG:EXPORTING CLASS MODULES:Hoja1.cls Type: 100 - Hoja1
8/5/2024 10:39:34 - DEBUG:EXPORTING CLASS MODULES:ThisWorkbook.cls Type: 100 - ThisWorkbook
8/5/2024 10:39:34 - DEBUG:EXPORTING CLASS MODULES:Hoja5.cls Type: 100 - Hoja5
8/5/2024 10:39:34 - DEBUG:EXPORTING CLASS MODULES:Hoja2.cls Type: 100 - Hoja2
8/5/2024 10:39:34 - DEBUG:EXPORTING CLASS MODULES:Hoja3.cls Type: 100 - Hoja3
8/5/2024 10:39:34 - DEBUG:EXPORTING CLASS MODULES:Hoja4.cls Type: 100 - Hoja4
8/5/2024 10:39:35 - DEBUG:EXPORTING CLASS MODULES:Hoja6.cls Type: 100 - Hoja6
8/5/2024 10:39:35 - DEBUG:EXPORTING CLASS MODULES:Clase1.cls Type: 2 - Clase1
8/5/2024 10:39:35 - DEBUG:EXPORTING FORM MODULES:UserForm1.frmType: 3 - UserForm1
8/5/2024 10:39:36 - DEBUG:EXPORTING MODULES:Mï¿½dulo1.bas Type: 1 - Mï¿½dulo1
8/5/2024 10:39:36 - DEBUG:EXPORTING MODULES:Módulo1.bas Type: 1 - Módulo1
8/5/2024 10:39:36 - DEBUG:EXPORTING CLASS MODULES:Xdebug.cls Type: 2 - Xdebug
8/5/2024 10:39:36 - DEBUG:Export VBA Files To VSCode Finish
